\BOOKMARK [1][-]{toc.1}{\376\377\166\356\137\125}{}% 1
\BOOKMARK [1][-]{section.1}{\376\377\133\236\232\214\200\314\146\157\116\016\116\373\122\241\211\201\154\102}{}% 2
\BOOKMARK [2][-]{subsection.1.1}{\376\377\133\236\232\214\200\314\146\157}{section.1}% 3
\BOOKMARK [2][-]{subsection.1.2}{\376\377\117\134\116\032\116\214\166\204\150\070\137\303\166\356\150\007}{section.1}% 4
\BOOKMARK [2][-]{subsection.1.3}{\376\377\147\000\117\116\137\072\122\066\211\304\122\031\203\003\126\364}{section.1}% 5
\BOOKMARK [2][-]{subsection.1.4}{\376\377\213\304\122\006\150\007\121\306\116\016\142\245\124\112\211\201\154\102}{section.1}% 6
\BOOKMARK [1][-]{section.2}{\376\377\137\123\122\115\133\236\163\260\151\202\121\265\116\016\116\323\136\223\176\323\147\204}{}% 7
\BOOKMARK [2][-]{subsection.2.1}{\376\377\116\323\136\223\140\073\117\123\176\323\147\204}{section.2}% 8
\BOOKMARK [2][-]{subsection.2.2}{\376\377\116\316\117\134\116\032\116\000\122\060\117\134\116\032\116\214\166\204\157\024\217\333\121\163\174\373}{section.2}% 9
\BOOKMARK [2][-]{subsection.2.3}{\376\377\174\373\176\337\131\004\164\006\155\101\172\013\140\073\211\310}{section.2}% 10
\BOOKMARK [1][-]{section.3}{\376\377\164\006\213\272\127\372\170\100\116\016\213\276\213\241\220\011\142\351}{}% 11
\BOOKMARK [2][-]{subsection.3.1}{\376\377\213\355\116\111\122\006\147\220\127\050\177\026\213\321\126\150\116\055\166\204\117\134\165\050}{section.3}% 12
\BOOKMARK [2][-]{subsection.3.2}{\376\377\116\072\116\300\116\110\220\011\142\351\126\333\121\103\137\017}{section.3}% 13
\BOOKMARK [2][-]{subsection.3.3}{\376\377\116\072\116\300\116\110\127\050\213\355\116\111\121\372\225\031\145\366\116\315\134\075\221\317\165\037\142\020\000\040\000I\000R}{section.3}% 14
\BOOKMARK [1][-]{section.4}{\376\377\174\373\176\337\140\073\117\123\213\276\213\241}{}% 15
\BOOKMARK [2][-]{subsection.4.1}{\376\377\140\073\117\123\213\276\213\241\140\035\215\357}{section.4}% 16
\BOOKMARK [2][-]{subsection.4.2}{\376\377\227\142\124\021\211\304\122\031\133\236\163\260\166\204\152\041\127\127\122\006\135\345}{section.4}% 17
\BOOKMARK [2][-]{subsection.4.3}{\376\377\176\337\116\000\176\323\147\234\176\323\147\204\213\276\213\241}{section.4}% 18
\BOOKMARK [1][-]{section.5}{\376\377\121\163\225\056\145\160\143\156\176\323\147\204\213\276\213\241}{}% 19
\BOOKMARK [2][-]{subsection.5.1}{\376\377\000A\000S\000T\000\040\176\323\147\204\213\276\213\241}{section.5}% 20
\BOOKMARK [2][-]{subsection.5.2}{\376\377\121\205\220\350\174\173\127\213\174\373\176\337\213\276\213\241}{section.5}% 21
\BOOKMARK [2][-]{subsection.5.3}{\376\377\173\046\123\367\210\150\213\276\213\241}{section.5}% 22
\BOOKMARK [2][-]{subsection.5.4}{\376\377\121\375\145\160\116\012\116\013\145\207\116\016\137\252\163\257\116\012\116\013\145\207\213\276\213\241}{section.5}% 23
\BOOKMARK [2][-]{subsection.5.5}{\376\377\120\037\165\050\162\266\140\001\176\323\147\204\213\276\213\241}{section.5}% 24
\BOOKMARK [2][-]{subsection.5.6}{\376\377\126\333\121\103\137\017\176\323\147\204\213\276\213\241}{section.5}% 25
\BOOKMARK [1][-]{section.6}{\376\377\213\355\116\111\122\006\147\220\116\073\155\101\172\013\213\276\213\241}{}% 26
\BOOKMARK [2][-]{subsection.6.1}{\376\377\140\073\121\145\123\343\116\016\116\044\226\066\153\265\121\375\145\160\131\004\164\006}{section.6}% 27
\BOOKMARK [2][-]{subsection.6.2}{\376\377\121\375\145\160\122\006\147\220\155\101\172\013}{section.6}% 28
\BOOKMARK [2][-]{subsection.6.3}{\376\377\213\355\123\345\122\006\155\076\213\276\213\241}{section.6}% 29
\BOOKMARK [2][-]{subsection.6.4}{\376\377\210\150\217\276\137\017\154\102\120\074\176\323\147\234\213\276\213\241}{section.6}% 30
\BOOKMARK [2][-]{subsection.6.5}{\376\377\225\031\213\357\140\142\131\015\116\016\155\361\136\246\117\335\142\244}{section.6}% 31
\BOOKMARK [1][-]{section.7}{\376\377\137\072\122\066\211\304\122\031\166\204\213\346\176\306\133\236\163\260}{}% 32
\BOOKMARK [2][-]{subsection.7.1}{\376\377\211\304\122\031\000\040\0000\000.\000x\377\032\123\330\221\317\134\136\140\047\060\001\127\372\170\100\174\173\127\213\116\016\135\346\120\074}{section.7}% 33
\BOOKMARK [2][-]{subsection.7.2}{\376\377\211\304\122\031\000\040\0001\000.\000x\377\032\127\372\170\100\172\013\136\217\060\001\213\355\123\345\116\016\217\324\126\336}{section.7}% 34
\BOOKMARK [2][-]{subsection.7.3}{\376\377\211\304\122\031\000\040\0002\000.\000x\377\032\123\330\221\317\130\360\146\016\060\001\174\173\127\213\143\250\145\255\116\016\215\113\120\074}{section.7}% 35
\BOOKMARK [2][-]{subsection.7.4}{\376\377\211\304\122\031\000\040\0003\000.\000x\377\032\210\150\217\276\137\017\060\001\217\320\173\227\116\016\121\375\145\160\214\003\165\050}{section.7}% 36
\BOOKMARK [2][-]{subsection.7.5}{\376\377\211\304\122\031\000\040\0004\000.\0001\377\032\000i\000f\000\040\220\011\142\351\176\323\147\204}{section.7}% 37
\BOOKMARK [2][-]{subsection.7.6}{\376\377\211\304\122\031\000\040\0005\000.\0000\000\040\116\016\000\040\0005\000.\0001\377\032\137\252\163\257\213\355\123\345\116\016\000\040\000w\000h\000i\000l\000e}{section.7}% 38
\BOOKMARK [1][-]{section.8}{\376\377\142\151\134\125\211\304\122\031\166\204\133\236\163\260\116\016\135\345\172\013\130\236\137\072}{}% 39
\BOOKMARK [2][-]{subsection.8.1}{\376\377\211\304\122\031\000\040\0004\000.\0002\000\040\116\016\000\040\0004\000.\0003\377\032\000e\000l\000s\000e\000\040\116\016\000\040\000e\000l\000s\000e\000\040\000i\000f}{section.8}% 40
\BOOKMARK [2][-]{subsection.8.2}{\376\377\211\304\122\031\000\040\0005\000.\0002\060\001\0005\000.\0003\060\001\0005\000.\0004\377\032\000f\000o\000r\060\001\000l\000o\000o\000p\060\001\000b\000r\000e\000a\000k\000/\000c\000o\000n\000t\000i\000n\000u\000e}{section.8}% 41
\BOOKMARK [2][-]{subsection.8.3}{\376\377\211\304\122\031\000\040\0006\000.\000x\377\032\116\015\123\357\123\330\123\330\221\317\060\001\137\025\165\050\060\001\123\357\123\330\137\025\165\050\116\016\211\343\137\025\165\050}{section.8}% 42
\BOOKMARK [2][-]{subsection.8.4}{\376\377\211\304\122\031\000\040\0007\000.\000x\377\032\210\150\217\276\137\017\127\127\060\001\000i\000f\000\040\210\150\217\276\137\017\116\016\000\040\000l\000o\000o\000p\000\040\210\150\217\276\137\017}{section.8}% 43
\BOOKMARK [2][-]{subsection.8.5}{\376\377\211\304\122\031\000\040\0008\000.\000x\377\032\145\160\176\304\174\173\127\213\060\001\145\160\176\304\210\150\217\276\137\017\116\016\145\160\176\304\121\103\175\040}{section.8}% 44
\BOOKMARK [2][-]{subsection.8.6}{\376\377\211\304\122\031\000\040\0009\000.\000x\377\032\121\103\176\304\174\173\127\213\060\001\121\103\176\304\210\150\217\276\137\017\116\016\121\103\176\304\121\103\175\040}{section.8}% 45
\BOOKMARK [1][-]{section.9}{\376\377\126\333\121\103\137\017\213\276\213\241\116\016\116\343\170\001\165\037\142\020\173\126\165\145}{}% 46
\BOOKMARK [2][-]{subsection.9.1}{\376\377\144\315\117\134\170\001\213\276\213\241}{section.9}% 47
\BOOKMARK [2][-]{subsection.9.2}{\376\377\116\064\145\366\123\330\221\317\116\016\150\007\173\176\165\037\142\020}{section.9}% 48
\BOOKMARK [2][-]{subsection.9.3}{\376\377\121\170\127\213\176\323\147\204\166\204\000\040\000I\000R\000\040\152\041\147\177}{section.9}% 49
\BOOKMARK [2][-]{subsection.9.4}{\376\377\121\170\127\213\172\013\136\217\116\016\126\333\121\103\137\017\171\072\117\213}{section.9}% 50
\BOOKMARK [1][-]{section.10}{\376\377\000W\000e\000b\000\040\147\015\122\241\116\016\123\357\211\306\123\026\213\276\213\241}{}% 51
\BOOKMARK [2][-]{subsection.10.1}{\376\377\124\016\172\357\000\040\000A\000P\000I\000\040\213\276\213\241}{section.10}% 52
\BOOKMARK [2][-]{subsection.10.2}{\376\377\122\115\172\357\134\125\171\072\213\276\213\241}{section.10}% 53
\BOOKMARK [2][-]{subsection.10.3}{\376\377\116\072\117\125\227\000\211\201\000\040\000W\000e\000b\000\040\123\357\211\306\123\026}{section.10}% 54
\BOOKMARK [1][-]{section.11}{\376\377\155\113\213\325\117\123\174\373\116\016\232\214\213\301\122\006\147\220}{}% 55
\BOOKMARK [2][-]{subsection.11.1}{\376\377\155\113\213\325\145\207\116\366\176\304\176\307}{section.11}% 56
\BOOKMARK [2][-]{subsection.11.2}{\376\377\137\072\122\066\211\304\122\031\211\206\166\326\232\214\213\301}{section.11}% 57
\BOOKMARK [2][-]{subsection.11.3}{\376\377\000I\000R\000\040\211\343\221\312\126\150\232\214\213\301\166\204\141\017\116\111}{section.11}% 58
\BOOKMARK [2][-]{subsection.11.4}{\376\377\131\032\217\156\177\072\226\167\117\356\131\015\116\016\126\336\137\122\117\335\226\234}{section.11}% 59
\BOOKMARK [1][-]{section.12}{\376\377\117\134\116\032\211\201\154\102\116\016\137\123\122\115\133\236\163\260\166\204\133\371\161\147\122\006\147\220}{}% 60
\BOOKMARK [2][-]{subsection.12.1}{\376\377\137\072\122\066\211\304\122\031\133\371\161\147\213\364\146\016}{section.12}% 61
\BOOKMARK [2][-]{subsection.12.2}{\376\377\142\151\134\125\211\304\122\031\133\214\142\020\136\246\122\006\147\220}{section.12}% 62
\BOOKMARK [1][-]{section.13}{\376\377\133\130\127\050\166\204\226\120\122\066\116\016\124\016\176\355\145\071\217\333\145\271\124\021}{}% 63
\BOOKMARK [2][-]{subsection.13.1}{\376\377\137\123\122\115\133\236\163\260\166\204\116\073\211\201\226\120\122\066}{section.13}% 64
\BOOKMARK [2][-]{subsection.13.2}{\376\377\123\357\176\347\176\355\155\361\123\026\166\204\145\271\124\021}{section.13}% 65
\BOOKMARK [1][-]{section.14}{\376\377\140\073\176\323}{}% 66
\BOOKMARK [1][-]{section.A}{\376\377\226\104\137\125\000\040\000A\377\032\137\072\122\066\211\304\122\031\133\236\163\260\133\371\161\147\210\150}{}% 67
\BOOKMARK [1][-]{section.B}{\376\377\226\104\137\125\000\040\000B\377\032\142\151\134\125\211\304\122\031\133\236\163\260\133\371\161\147\210\150}{}% 68
\BOOKMARK [1][-]{section.C}{\376\377\226\104\137\125\000\040\000C\377\032\121\170\127\213\156\220\170\001\162\107\153\265\116\016\122\006\147\220\213\364\146\016}{}% 69
\BOOKMARK [2][-]{subsection.C.1}{\376\377\121\375\145\160\214\003\165\050\116\016\217\324\126\336\120\074\150\300\147\345\171\072\117\213}{section.C}% 70
\BOOKMARK [2][-]{subsection.C.2}{\376\377\137\025\165\050\116\016\211\343\137\025\165\050\171\072\117\213}{section.C}% 71
\BOOKMARK [2][-]{subsection.C.3}{\376\377\145\160\176\304\116\016\121\103\176\304\171\072\117\213}{section.C}% 72
\BOOKMARK [1][-]{section.D}{\376\377\226\104\137\125\000\040\000D\377\032\155\113\213\325\116\016\135\345\172\013\157\024\217\333\210\145\121\105\213\364\146\016}{}% 73
